2020-06-07 22:53:55.206 INFO [main] [com.sample.springapp.SpringbootAppApplication] [logStarting] [org.springframework.boot.StartupInfoLogger.logStarting(StartupInfoLogger.java:50)] - Starting SpringbootAppApplication on syntizen-Latitude with PID 24062 (/home/syntizen/UMA/SVN/springboot-app/target/classes started by syntizen in /home/syntizen/UMA/SVN/springboot-app)
2020-06-07 22:53:55.217 INFO [main] [com.sample.springapp.SpringbootAppApplication] [logStartupProfileInfo] [org.springframework.boot.SpringApplication.logStartupProfileInfo(SpringApplication.java:662)] - No active profile set, falling back to default profiles: default
2020-06-07 22:53:55.257 INFO [main] [org.springframework.boot.web.servlet.context.AnnotationConfigServletWebServerApplicationContext] [prepareRefresh] [org.springframework.context.support.AbstractApplicationContext.prepareRefresh(AbstractApplicationContext.java:590)] - Refreshing org.springframework.boot.web.servlet.context.AnnotationConfigServletWebServerApplicationContext@158a8276: startup date [Sun Jun 07 22:53:55 IST 2020]; root of context hierarchy
2020-06-07 22:53:56.414 INFO [main] [org.springframework.boot.web.embedded.tomcat.TomcatWebServer] [initialize] [org.springframework.boot.web.embedded.tomcat.TomcatWebServer.initialize(TomcatWebServer.java:91)] - Tomcat initialized with port(s): 8080 (http)
2020-06-07 22:53:56.461 INFO [main] [org.apache.coyote.http11.Http11NioProtocol] [log] [org.apache.juli.logging.DirectJDKLog.log(DirectJDKLog.java:180)] - Initializing ProtocolHandler ["http-nio-8080"]
2020-06-07 22:53:56.487 INFO [main] [org.apache.catalina.core.StandardService] [log] [org.apache.juli.logging.DirectJDKLog.log(DirectJDKLog.java:180)] - Starting service [Tomcat]
2020-06-07 22:53:56.487 INFO [main] [org.apache.catalina.core.StandardEngine] [log] [org.apache.juli.logging.DirectJDKLog.log(DirectJDKLog.java:180)] - Starting Servlet Engine: Apache Tomcat/8.5.32
2020-06-07 22:53:56.493 INFO [localhost-startStop-1] [org.apache.catalina.core.AprLifecycleListener] [log] [org.apache.juli.logging.DirectJDKLog.log(DirectJDKLog.java:180)] - The APR based Apache Tomcat Native library which allows optimal performance in production environments was not found on the java.library.path: [/usr/java/packages/lib/amd64:/usr/lib64:/lib64:/lib:/usr/lib]
2020-06-07 22:53:56.553 INFO [localhost-startStop-1] [org.apache.catalina.core.ContainerBase.[Tomcat].[localhost].[/]] [log] [org.apache.juli.logging.DirectJDKLog.log(DirectJDKLog.java:180)] - Initializing Spring embedded WebApplicationContext
2020-06-07 22:53:56.553 INFO [localhost-startStop-1] [org.springframework.web.context.ContextLoader] [prepareWebApplicationContext] [org.springframework.boot.web.servlet.context.ServletWebServerApplicationContext.prepareWebApplicationContext(ServletWebServerApplicationContext.java:285)] - Root WebApplicationContext: initialization completed in 1299 ms
2020-06-07 22:53:56.601 INFO [localhost-startStop-1] [org.springframework.boot.web.servlet.ServletRegistrationBean] [addRegistration] [org.springframework.boot.web.servlet.ServletRegistrationBean.addRegistration(ServletRegistrationBean.java:187)] - Servlet dispatcherServlet mapped to [/]
2020-06-07 22:53:56.604 INFO [localhost-startStop-1] [org.springframework.boot.web.servlet.FilterRegistrationBean] [configure] [org.springframework.boot.web.servlet.AbstractFilterRegistrationBean.configure(AbstractFilterRegistrationBean.java:245)] - Mapping filter: 'characterEncodingFilter' to: [/*]
2020-06-07 22:53:56.604 INFO [localhost-startStop-1] [org.springframework.boot.web.servlet.FilterRegistrationBean] [configure] [org.springframework.boot.web.servlet.AbstractFilterRegistrationBean.configure(AbstractFilterRegistrationBean.java:245)] - Mapping filter: 'hiddenHttpMethodFilter' to: [/*]
2020-06-07 22:53:56.604 INFO [localhost-startStop-1] [org.springframework.boot.web.servlet.FilterRegistrationBean] [configure] [org.springframework.boot.web.servlet.AbstractFilterRegistrationBean.configure(AbstractFilterRegistrationBean.java:245)] - Mapping filter: 'httpPutFormContentFilter' to: [/*]
2020-06-07 22:53:56.605 INFO [localhost-startStop-1] [org.springframework.boot.web.servlet.FilterRegistrationBean] [configure] [org.springframework.boot.web.servlet.AbstractFilterRegistrationBean.configure(AbstractFilterRegistrationBean.java:245)] - Mapping filter: 'requestContextFilter' to: [/*]
2020-06-07 22:53:56.696 INFO [main] [org.springframework.web.servlet.handler.SimpleUrlHandlerMapping] [registerHandler] [org.springframework.web.servlet.handler.AbstractUrlHandlerMapping.registerHandler(AbstractUrlHandlerMapping.java:373)] - Mapped URL path [/**/favicon.ico] onto handler of type [class org.springframework.web.servlet.resource.ResourceHttpRequestHandler]
2020-06-07 22:53:56.843 INFO [main] [org.springframework.web.servlet.mvc.method.annotation.RequestMappingHandlerAdapter] [initControllerAdviceCache] [org.springframework.web.servlet.mvc.method.annotation.RequestMappingHandlerAdapter.initControllerAdviceCache(RequestMappingHandlerAdapter.java:574)] - Looking for @ControllerAdvice: org.springframework.boot.web.servlet.context.AnnotationConfigServletWebServerApplicationContext@158a8276: startup date [Sun Jun 07 22:53:55 IST 2020]; root of context hierarchy
2020-06-07 22:53:56.889 INFO [main] [org.springframework.web.servlet.mvc.method.annotation.RequestMappingHandlerMapping] [register] [org.springframework.web.servlet.handler.AbstractHandlerMethodMapping$MappingRegistry.register(AbstractHandlerMethodMapping.java:547)] - Mapped "{[/get-json-response]}" onto public java.lang.String com.sample.springapp.restcontroller.TestRestController.get_json_response()
2020-06-07 22:53:56.891 INFO [main] [org.springframework.web.servlet.mvc.method.annotation.RequestMappingHandlerMapping] [register] [org.springframework.web.servlet.handler.AbstractHandlerMethodMapping$MappingRegistry.register(AbstractHandlerMethodMapping.java:547)] - Mapped "{[/get-params/{id}/{name}]}" onto public java.lang.String com.sample.springapp.restcontroller.TestRestController.get_params(int,java.lang.String)
2020-06-07 22:53:56.891 INFO [main] [org.springframework.web.servlet.mvc.method.annotation.RequestMappingHandlerMapping] [register] [org.springframework.web.servlet.handler.AbstractHandlerMethodMapping$MappingRegistry.register(AbstractHandlerMethodMapping.java:547)] - Mapped "{[/post-request],methods=[POST]}" onto public java.lang.String com.sample.springapp.restcontroller.TestRestController.get_params(java.lang.String)
2020-06-07 22:53:56.892 INFO [main] [org.springframework.web.servlet.mvc.method.annotation.RequestMappingHandlerMapping] [register] [org.springframework.web.servlet.handler.AbstractHandlerMethodMapping$MappingRegistry.register(AbstractHandlerMethodMapping.java:547)] - Mapped "{[/test-post],methods=[POST]}" onto public java.lang.String com.sample.springapp.restcontroller.TestRestController.testing_post()
2020-06-07 22:53:56.892 INFO [main] [org.springframework.web.servlet.mvc.method.annotation.RequestMappingHandlerMapping] [register] [org.springframework.web.servlet.handler.AbstractHandlerMethodMapping$MappingRegistry.register(AbstractHandlerMethodMapping.java:547)] - Mapped "{[/test]}" onto public java.lang.String com.sample.springapp.restcontroller.TestRestController.testing()
2020-06-07 22:53:56.899 INFO [main] [org.springframework.web.servlet.mvc.method.annotation.RequestMappingHandlerMapping] [register] [org.springframework.web.servlet.handler.AbstractHandlerMethodMapping$MappingRegistry.register(AbstractHandlerMethodMapping.java:547)] - Mapped "{[/error],produces=[text/html]}" onto public org.springframework.web.servlet.ModelAndView org.springframework.boot.autoconfigure.web.servlet.error.BasicErrorController.errorHtml(javax.servlet.http.HttpServletRequest,javax.servlet.http.HttpServletResponse)
2020-06-07 22:53:56.899 INFO [main] [org.springframework.web.servlet.mvc.method.annotation.RequestMappingHandlerMapping] [register] [org.springframework.web.servlet.handler.AbstractHandlerMethodMapping$MappingRegistry.register(AbstractHandlerMethodMapping.java:547)] - Mapped "{[/error]}" onto public org.springframework.http.ResponseEntity<java.util.Map<java.lang.String, java.lang.Object>> org.springframework.boot.autoconfigure.web.servlet.error.BasicErrorController.error(javax.servlet.http.HttpServletRequest)
2020-06-07 22:53:56.921 INFO [main] [org.springframework.web.servlet.handler.SimpleUrlHandlerMapping] [registerHandler] [org.springframework.web.servlet.handler.AbstractUrlHandlerMapping.registerHandler(AbstractUrlHandlerMapping.java:373)] - Mapped URL path [/webjars/**] onto handler of type [class org.springframework.web.servlet.resource.ResourceHttpRequestHandler]
2020-06-07 22:53:56.922 INFO [main] [org.springframework.web.servlet.handler.SimpleUrlHandlerMapping] [registerHandler] [org.springframework.web.servlet.handler.AbstractUrlHandlerMapping.registerHandler(AbstractUrlHandlerMapping.java:373)] - Mapped URL path [/**] onto handler of type [class org.springframework.web.servlet.resource.ResourceHttpRequestHandler]
2020-06-07 22:53:57.038 INFO [main] [org.springframework.jmx.export.annotation.AnnotationMBeanExporter] [afterSingletonsInstantiated] [org.springframework.jmx.export.MBeanExporter.afterSingletonsInstantiated(MBeanExporter.java:433)] - Registering beans for JMX exposure on startup
2020-06-07 22:53:57.051 INFO [main] [org.apache.coyote.http11.Http11NioProtocol] [log] [org.apache.juli.logging.DirectJDKLog.log(DirectJDKLog.java:180)] - Starting ProtocolHandler ["http-nio-8080"]
2020-06-07 22:53:57.055 INFO [main] [org.apache.tomcat.util.net.NioSelectorPool] [log] [org.apache.juli.logging.DirectJDKLog.log(DirectJDKLog.java:180)] - Using a shared selector for servlet write/read
2020-06-07 22:53:57.066 INFO [main] [org.springframework.boot.web.embedded.tomcat.TomcatWebServer] [start] [org.springframework.boot.web.embedded.tomcat.TomcatWebServer.start(TomcatWebServer.java:206)] - Tomcat started on port(s): 8080 (http) with context path ''
2020-06-07 22:53:57.071 INFO [main] [com.sample.springapp.SpringbootAppApplication] [logStarted] [org.springframework.boot.StartupInfoLogger.logStarted(StartupInfoLogger.java:59)] - Started SpringbootAppApplication in 2.231 seconds (JVM running for 3.192)
2020-06-07 22:54:02.073 INFO [http-nio-8080-exec-1] [org.apache.catalina.core.ContainerBase.[Tomcat].[localhost].[/]] [log] [org.apache.juli.logging.DirectJDKLog.log(DirectJDKLog.java:180)] - Initializing Spring FrameworkServlet 'dispatcherServlet'
2020-06-07 22:54:02.074 INFO [http-nio-8080-exec-1] [org.springframework.web.servlet.DispatcherServlet] [initServletBean] [org.springframework.web.servlet.FrameworkServlet.initServletBean(FrameworkServlet.java:494)] - FrameworkServlet 'dispatcherServlet': initialization started
2020-06-07 22:54:02.086 INFO [http-nio-8080-exec-1] [org.springframework.web.servlet.DispatcherServlet] [initServletBean] [org.springframework.web.servlet.FrameworkServlet.initServletBean(FrameworkServlet.java:509)] - FrameworkServlet 'dispatcherServlet': initialization completed in 12 ms
2020-06-07 22:54:30.021 INFO [http-nio-8080-exec-3] [com.sample.springapp.restcontroller.TestRestController] [testing] [com.sample.springapp.restcontroller.TestRestController.testing(TestRestController.java:18)] - this is testing
2020-06-07 23:03:42.664 INFO [main] [com.sample.springapp.SpringbootAppApplication] [logStarting] [org.springframework.boot.StartupInfoLogger.logStarting(StartupInfoLogger.java:50)] - Starting SpringbootAppApplication on syntizen-Latitude with PID 24942 (/home/syntizen/UMA/SVN/springboot-app/target/classes started by syntizen in /home/syntizen/UMA/SVN/springboot-app)
2020-06-07 23:03:42.669 INFO [main] [com.sample.springapp.SpringbootAppApplication] [logStartupProfileInfo] [org.springframework.boot.SpringApplication.logStartupProfileInfo(SpringApplication.java:662)] - No active profile set, falling back to default profiles: default
2020-06-07 23:03:42.706 INFO [main] [org.springframework.boot.web.servlet.context.AnnotationConfigServletWebServerApplicationContext] [prepareRefresh] [org.springframework.context.support.AbstractApplicationContext.prepareRefresh(AbstractApplicationContext.java:590)] - Refreshing org.springframework.boot.web.servlet.context.AnnotationConfigServletWebServerApplicationContext@247bddad: startup date [Sun Jun 07 23:03:42 IST 2020]; root of context hierarchy
2020-06-07 23:03:43.861 INFO [main] [org.springframework.boot.web.embedded.tomcat.TomcatWebServer] [initialize] [org.springframework.boot.web.embedded.tomcat.TomcatWebServer.initialize(TomcatWebServer.java:91)] - Tomcat initialized with port(s): 8080 (http)
2020-06-07 23:03:43.881 INFO [main] [org.apache.coyote.http11.Http11NioProtocol] [log] [org.apache.juli.logging.DirectJDKLog.log(DirectJDKLog.java:180)] - Initializing ProtocolHandler ["http-nio-8080"]
2020-06-07 23:03:43.891 INFO [main] [org.apache.catalina.core.StandardService] [log] [org.apache.juli.logging.DirectJDKLog.log(DirectJDKLog.java:180)] - Starting service [Tomcat]
2020-06-07 23:03:43.892 INFO [main] [org.apache.catalina.core.StandardEngine] [log] [org.apache.juli.logging.DirectJDKLog.log(DirectJDKLog.java:180)] - Starting Servlet Engine: Apache Tomcat/8.5.32
2020-06-07 23:03:43.914 INFO [localhost-startStop-1] [org.apache.catalina.core.AprLifecycleListener] [log] [org.apache.juli.logging.DirectJDKLog.log(DirectJDKLog.java:180)] - The APR based Apache Tomcat Native library which allows optimal performance in production environments was not found on the java.library.path: [/usr/java/packages/lib/amd64:/usr/lib64:/lib64:/lib:/usr/lib]
2020-06-07 23:03:43.990 INFO [localhost-startStop-1] [org.apache.catalina.core.ContainerBase.[Tomcat].[localhost].[/]] [log] [org.apache.juli.logging.DirectJDKLog.log(DirectJDKLog.java:180)] - Initializing Spring embedded WebApplicationContext
2020-06-07 23:03:43.991 INFO [localhost-startStop-1] [org.springframework.web.context.ContextLoader] [prepareWebApplicationContext] [org.springframework.boot.web.servlet.context.ServletWebServerApplicationContext.prepareWebApplicationContext(ServletWebServerApplicationContext.java:285)] - Root WebApplicationContext: initialization completed in 1288 ms
2020-06-07 23:03:44.040 INFO [localhost-startStop-1] [org.springframework.boot.web.servlet.ServletRegistrationBean] [addRegistration] [org.springframework.boot.web.servlet.ServletRegistrationBean.addRegistration(ServletRegistrationBean.java:187)] - Servlet dispatcherServlet mapped to [/]
2020-06-07 23:03:44.044 INFO [localhost-startStop-1] [org.springframework.boot.web.servlet.FilterRegistrationBean] [configure] [org.springframework.boot.web.servlet.AbstractFilterRegistrationBean.configure(AbstractFilterRegistrationBean.java:245)] - Mapping filter: 'characterEncodingFilter' to: [/*]
2020-06-07 23:03:44.045 INFO [localhost-startStop-1] [org.springframework.boot.web.servlet.FilterRegistrationBean] [configure] [org.springframework.boot.web.servlet.AbstractFilterRegistrationBean.configure(AbstractFilterRegistrationBean.java:245)] - Mapping filter: 'hiddenHttpMethodFilter' to: [/*]
2020-06-07 23:03:44.045 INFO [localhost-startStop-1] [org.springframework.boot.web.servlet.FilterRegistrationBean] [configure] [org.springframework.boot.web.servlet.AbstractFilterRegistrationBean.configure(AbstractFilterRegistrationBean.java:245)] - Mapping filter: 'httpPutFormContentFilter' to: [/*]
2020-06-07 23:03:44.045 INFO [localhost-startStop-1] [org.springframework.boot.web.servlet.FilterRegistrationBean] [configure] [org.springframework.boot.web.servlet.AbstractFilterRegistrationBean.configure(AbstractFilterRegistrationBean.java:245)] - Mapping filter: 'requestContextFilter' to: [/*]
2020-06-07 23:03:44.150 INFO [main] [org.springframework.web.servlet.handler.SimpleUrlHandlerMapping] [registerHandler] [org.springframework.web.servlet.handler.AbstractUrlHandlerMapping.registerHandler(AbstractUrlHandlerMapping.java:373)] - Mapped URL path [/**/favicon.ico] onto handler of type [class org.springframework.web.servlet.resource.ResourceHttpRequestHandler]
2020-06-07 23:03:44.361 INFO [main] [org.springframework.web.servlet.mvc.method.annotation.RequestMappingHandlerAdapter] [initControllerAdviceCache] [org.springframework.web.servlet.mvc.method.annotation.RequestMappingHandlerAdapter.initControllerAdviceCache(RequestMappingHandlerAdapter.java:574)] - Looking for @ControllerAdvice: org.springframework.boot.web.servlet.context.AnnotationConfigServletWebServerApplicationContext@247bddad: startup date [Sun Jun 07 23:03:42 IST 2020]; root of context hierarchy
2020-06-07 23:03:44.420 INFO [main] [org.springframework.web.servlet.mvc.method.annotation.RequestMappingHandlerMapping] [register] [org.springframework.web.servlet.handler.AbstractHandlerMethodMapping$MappingRegistry.register(AbstractHandlerMethodMapping.java:547)] - Mapped "{[/test]}" onto public java.lang.String com.sample.springapp.restcontroller.TestRestController.testing()
2020-06-07 23:03:44.421 INFO [main] [org.springframework.web.servlet.mvc.method.annotation.RequestMappingHandlerMapping] [register] [org.springframework.web.servlet.handler.AbstractHandlerMethodMapping$MappingRegistry.register(AbstractHandlerMethodMapping.java:547)] - Mapped "{[/get-json-response]}" onto public java.lang.String com.sample.springapp.restcontroller.TestRestController.get_json_response()
2020-06-07 23:03:44.423 INFO [main] [org.springframework.web.servlet.mvc.method.annotation.RequestMappingHandlerMapping] [register] [org.springframework.web.servlet.handler.AbstractHandlerMethodMapping$MappingRegistry.register(AbstractHandlerMethodMapping.java:547)] - Mapped "{[/post-request],methods=[POST]}" onto public java.lang.String com.sample.springapp.restcontroller.TestRestController.get_params(java.lang.String)
2020-06-07 23:03:44.424 INFO [main] [org.springframework.web.servlet.mvc.method.annotation.RequestMappingHandlerMapping] [register] [org.springframework.web.servlet.handler.AbstractHandlerMethodMapping$MappingRegistry.register(AbstractHandlerMethodMapping.java:547)] - Mapped "{[/get-params/{id}/{name}]}" onto public java.lang.String com.sample.springapp.restcontroller.TestRestController.get_params(int,java.lang.String)
2020-06-07 23:03:44.425 INFO [main] [org.springframework.web.servlet.mvc.method.annotation.RequestMappingHandlerMapping] [register] [org.springframework.web.servlet.handler.AbstractHandlerMethodMapping$MappingRegistry.register(AbstractHandlerMethodMapping.java:547)] - Mapped "{[/test-post],methods=[POST]}" onto public java.lang.String com.sample.springapp.restcontroller.TestRestController.testing_post()
2020-06-07 23:03:44.433 INFO [main] [org.springframework.web.servlet.mvc.method.annotation.RequestMappingHandlerMapping] [register] [org.springframework.web.servlet.handler.AbstractHandlerMethodMapping$MappingRegistry.register(AbstractHandlerMethodMapping.java:547)] - Mapped "{[/error],produces=[text/html]}" onto public org.springframework.web.servlet.ModelAndView org.springframework.boot.autoconfigure.web.servlet.error.BasicErrorController.errorHtml(javax.servlet.http.HttpServletRequest,javax.servlet.http.HttpServletResponse)
2020-06-07 23:03:44.434 INFO [main] [org.springframework.web.servlet.mvc.method.annotation.RequestMappingHandlerMapping] [register] [org.springframework.web.servlet.handler.AbstractHandlerMethodMapping$MappingRegistry.register(AbstractHandlerMethodMapping.java:547)] - Mapped "{[/error]}" onto public org.springframework.http.ResponseEntity<java.util.Map<java.lang.String, java.lang.Object>> org.springframework.boot.autoconfigure.web.servlet.error.BasicErrorController.error(javax.servlet.http.HttpServletRequest)
2020-06-07 23:03:44.457 INFO [main] [org.springframework.web.servlet.handler.SimpleUrlHandlerMapping] [registerHandler] [org.springframework.web.servlet.handler.AbstractUrlHandlerMapping.registerHandler(AbstractUrlHandlerMapping.java:373)] - Mapped URL path [/webjars/**] onto handler of type [class org.springframework.web.servlet.resource.ResourceHttpRequestHandler]
2020-06-07 23:03:44.457 INFO [main] [org.springframework.web.servlet.handler.SimpleUrlHandlerMapping] [registerHandler] [org.springframework.web.servlet.handler.AbstractUrlHandlerMapping.registerHandler(AbstractUrlHandlerMapping.java:373)] - Mapped URL path [/**] onto handler of type [class org.springframework.web.servlet.resource.ResourceHttpRequestHandler]
2020-06-07 23:03:44.590 INFO [main] [org.springframework.jmx.export.annotation.AnnotationMBeanExporter] [afterSingletonsInstantiated] [org.springframework.jmx.export.MBeanExporter.afterSingletonsInstantiated(MBeanExporter.java:433)] - Registering beans for JMX exposure on startup
2020-06-07 23:03:44.605 INFO [main] [org.apache.coyote.http11.Http11NioProtocol] [log] [org.apache.juli.logging.DirectJDKLog.log(DirectJDKLog.java:180)] - Starting ProtocolHandler ["http-nio-8080"]
2020-06-07 23:03:44.609 ERROR [main] [org.apache.catalina.core.StandardService] [log] [org.apache.juli.logging.DirectJDKLog.log(DirectJDKLog.java:182)] - Failed to start connector [Connector[HTTP/1.1-8080]]
org.apache.catalina.LifecycleException: Failed to start component [Connector[HTTP/1.1-8080]]
	at org.apache.catalina.util.LifecycleBase.start(LifecycleBase.java:167) ~[tomcat-embed-core-8.5.32.jar:8.5.32]
	at org.apache.catalina.core.StandardService.addConnector(StandardService.java:225) [tomcat-embed-core-8.5.32.jar:8.5.32]
	at org.springframework.boot.web.embedded.tomcat.TomcatWebServer.addPreviouslyRemovedConnectors(TomcatWebServer.java:256) [spring-boot-2.0.4.RELEASE.jar:2.0.4.RELEASE]
	at org.springframework.boot.web.embedded.tomcat.TomcatWebServer.start(TomcatWebServer.java:198) [spring-boot-2.0.4.RELEASE.jar:2.0.4.RELEASE]
	at org.springframework.boot.web.servlet.context.ServletWebServerApplicationContext.startWebServer(ServletWebServerApplicationContext.java:300) [spring-boot-2.0.4.RELEASE.jar:2.0.4.RELEASE]
	at org.springframework.boot.web.servlet.context.ServletWebServerApplicationContext.finishRefresh(ServletWebServerApplicationContext.java:162) [spring-boot-2.0.4.RELEASE.jar:2.0.4.RELEASE]
	at org.springframework.context.support.AbstractApplicationContext.refresh(AbstractApplicationContext.java:553) [spring-context-5.0.8.RELEASE.jar:5.0.8.RELEASE]
	at org.springframework.boot.web.servlet.context.ServletWebServerApplicationContext.refresh(ServletWebServerApplicationContext.java:140) [spring-boot-2.0.4.RELEASE.jar:2.0.4.RELEASE]
	at org.springframework.boot.SpringApplication.refresh(SpringApplication.java:762) [spring-boot-2.0.4.RELEASE.jar:2.0.4.RELEASE]
	at org.springframework.boot.SpringApplication.refreshContext(SpringApplication.java:398) [spring-boot-2.0.4.RELEASE.jar:2.0.4.RELEASE]
	at org.springframework.boot.SpringApplication.run(SpringApplication.java:330) [spring-boot-2.0.4.RELEASE.jar:2.0.4.RELEASE]
	at org.springframework.boot.SpringApplication.run(SpringApplication.java:1258) [spring-boot-2.0.4.RELEASE.jar:2.0.4.RELEASE]
	at org.springframework.boot.SpringApplication.run(SpringApplication.java:1246) [spring-boot-2.0.4.RELEASE.jar:2.0.4.RELEASE]
	at com.sample.springapp.SpringbootAppApplication.main(SpringbootAppApplication.java:10) [classes/:?]
Caused by: org.apache.catalina.LifecycleException: Protocol handler start failed
	at org.apache.catalina.connector.Connector.startInternal(Connector.java:1020) ~[tomcat-embed-core-8.5.32.jar:8.5.32]
	at org.apache.catalina.util.LifecycleBase.start(LifecycleBase.java:150) ~[tomcat-embed-core-8.5.32.jar:8.5.32]
	... 13 more
Caused by: java.net.BindException: Address already in use
	at sun.nio.ch.Net.bind0(Native Method) ~[?:1.8.0_221]
	at sun.nio.ch.Net.bind(Net.java:433) ~[?:1.8.0_221]
	at sun.nio.ch.Net.bind(Net.java:425) ~[?:1.8.0_221]
	at sun.nio.ch.ServerSocketChannelImpl.bind(ServerSocketChannelImpl.java:223) ~[?:1.8.0_221]
	at sun.nio.ch.ServerSocketAdaptor.bind(ServerSocketAdaptor.java:74) ~[?:1.8.0_221]
	at org.apache.tomcat.util.net.NioEndpoint.bind(NioEndpoint.java:210) ~[tomcat-embed-core-8.5.32.jar:8.5.32]
	at org.apache.tomcat.util.net.AbstractEndpoint.start(AbstractEndpoint.java:1150) ~[tomcat-embed-core-8.5.32.jar:8.5.32]
	at org.apache.coyote.AbstractProtocol.start(AbstractProtocol.java:591) ~[tomcat-embed-core-8.5.32.jar:8.5.32]
	at org.apache.catalina.connector.Connector.startInternal(Connector.java:1018) ~[tomcat-embed-core-8.5.32.jar:8.5.32]
	at org.apache.catalina.util.LifecycleBase.start(LifecycleBase.java:150) ~[tomcat-embed-core-8.5.32.jar:8.5.32]
	... 13 more
2020-06-07 23:03:44.617 INFO [main] [org.apache.coyote.http11.Http11NioProtocol] [log] [org.apache.juli.logging.DirectJDKLog.log(DirectJDKLog.java:180)] - Pausing ProtocolHandler ["http-nio-8080"]
2020-06-07 23:03:44.618 INFO [main] [org.apache.catalina.core.StandardService] [log] [org.apache.juli.logging.DirectJDKLog.log(DirectJDKLog.java:180)] - Stopping service [Tomcat]
2020-06-07 23:03:44.628 INFO [main] [org.apache.catalina.util.LifecycleBase] [log] [org.apache.juli.logging.DirectJDKLog.log(DirectJDKLog.java:180)] - The stop() method was called on component [StandardServer[-1]] after stop() had already been called. The second call will be ignored.
2020-06-07 23:03:44.629 INFO [main] [org.apache.coyote.http11.Http11NioProtocol] [log] [org.apache.juli.logging.DirectJDKLog.log(DirectJDKLog.java:180)] - Stopping ProtocolHandler ["http-nio-8080"]
2020-06-07 23:03:44.629 INFO [main] [org.apache.coyote.http11.Http11NioProtocol] [log] [org.apache.juli.logging.DirectJDKLog.log(DirectJDKLog.java:180)] - Destroying ProtocolHandler ["http-nio-8080"]
2020-06-07 23:03:44.632 INFO [main] [org.springframework.boot.autoconfigure.logging.ConditionEvaluationReportLoggingListener] [logAutoConfigurationReport] [org.springframework.boot.autoconfigure.logging.ConditionEvaluationReportLoggingListener.logAutoConfigurationReport(ConditionEvaluationReportLoggingListener.java:101)] - 

Error starting ApplicationContext. To display the conditions report re-run your application with 'debug' enabled.
2020-06-07 23:03:44.636 ERROR [main] [org.springframework.boot.diagnostics.LoggingFailureAnalysisReporter] [report] [org.springframework.boot.diagnostics.LoggingFailureAnalysisReporter.report(LoggingFailureAnalysisReporter.java:42)] - 

***************************
APPLICATION FAILED TO START
***************************

Description:

The Tomcat connector configured to listen on port 8080 failed to start. The port may already be in use or the connector may be misconfigured.

Action:

Verify the connector's configuration, identify and stop any process that's listening on port 8080, or configure this application to listen on another port.

2020-06-07 23:03:44.637 INFO [main] [org.springframework.boot.web.servlet.context.AnnotationConfigServletWebServerApplicationContext] [doClose] [org.springframework.context.support.AbstractApplicationContext.doClose(AbstractApplicationContext.java:993)] - Closing org.springframework.boot.web.servlet.context.AnnotationConfigServletWebServerApplicationContext@247bddad: startup date [Sun Jun 07 23:03:42 IST 2020]; root of context hierarchy
2020-06-07 23:03:44.639 INFO [main] [org.springframework.jmx.export.annotation.AnnotationMBeanExporter] [destroy] [org.springframework.jmx.export.MBeanExporter.destroy(MBeanExporter.java:451)] - Unregistering JMX-exposed beans on shutdown
2020-06-07 23:03:48.031 INFO [RMI TCP Connection(18)-127.0.0.1] [org.springframework.boot.admin.SpringApplicationAdminMXBeanRegistrar$SpringApplicationAdmin] [shutdown] [org.springframework.boot.admin.SpringApplicationAdminMXBeanRegistrar$SpringApplicationAdmin.shutdown(SpringApplicationAdminMXBeanRegistrar.java:132)] - Application shutdown requested.
2020-06-07 23:03:48.032 INFO [RMI TCP Connection(18)-127.0.0.1] [org.springframework.boot.web.servlet.context.AnnotationConfigServletWebServerApplicationContext] [doClose] [org.springframework.context.support.AbstractApplicationContext.doClose(AbstractApplicationContext.java:993)] - Closing org.springframework.boot.web.servlet.context.AnnotationConfigServletWebServerApplicationContext@158a8276: startup date [Sun Jun 07 22:53:55 IST 2020]; root of context hierarchy
2020-06-07 23:03:48.034 INFO [RMI TCP Connection(18)-127.0.0.1] [org.springframework.jmx.export.annotation.AnnotationMBeanExporter] [destroy] [org.springframework.jmx.export.MBeanExporter.destroy(MBeanExporter.java:451)] - Unregistering JMX-exposed beans on shutdown
2020-06-07 23:03:51.061 INFO [main] [com.sample.springapp.SpringbootAppApplication] [logStarting] [org.springframework.boot.StartupInfoLogger.logStarting(StartupInfoLogger.java:50)] - Starting SpringbootAppApplication on syntizen-Latitude with PID 24991 (/home/syntizen/UMA/SVN/springboot-app/target/classes started by syntizen in /home/syntizen/UMA/SVN/springboot-app)
2020-06-07 23:03:51.068 INFO [main] [com.sample.springapp.SpringbootAppApplication] [logStartupProfileInfo] [org.springframework.boot.SpringApplication.logStartupProfileInfo(SpringApplication.java:662)] - No active profile set, falling back to default profiles: default
2020-06-07 23:03:51.116 INFO [main] [org.springframework.boot.web.servlet.context.AnnotationConfigServletWebServerApplicationContext] [prepareRefresh] [org.springframework.context.support.AbstractApplicationContext.prepareRefresh(AbstractApplicationContext.java:590)] - Refreshing org.springframework.boot.web.servlet.context.AnnotationConfigServletWebServerApplicationContext@38afe297: startup date [Sun Jun 07 23:03:51 IST 2020]; root of context hierarchy
2020-06-07 23:03:52.134 INFO [main] [org.springframework.boot.web.embedded.tomcat.TomcatWebServer] [initialize] [org.springframework.boot.web.embedded.tomcat.TomcatWebServer.initialize(TomcatWebServer.java:91)] - Tomcat initialized with port(s): 8080 (http)
2020-06-07 23:03:52.168 INFO [main] [org.apache.coyote.http11.Http11NioProtocol] [log] [org.apache.juli.logging.DirectJDKLog.log(DirectJDKLog.java:180)] - Initializing ProtocolHandler ["http-nio-8080"]
2020-06-07 23:03:52.179 INFO [main] [org.apache.catalina.core.StandardService] [log] [org.apache.juli.logging.DirectJDKLog.log(DirectJDKLog.java:180)] - Starting service [Tomcat]
2020-06-07 23:03:52.180 INFO [main] [org.apache.catalina.core.StandardEngine] [log] [org.apache.juli.logging.DirectJDKLog.log(DirectJDKLog.java:180)] - Starting Servlet Engine: Apache Tomcat/8.5.32
2020-06-07 23:03:52.188 INFO [localhost-startStop-1] [org.apache.catalina.core.AprLifecycleListener] [log] [org.apache.juli.logging.DirectJDKLog.log(DirectJDKLog.java:180)] - The APR based Apache Tomcat Native library which allows optimal performance in production environments was not found on the java.library.path: [/usr/java/packages/lib/amd64:/usr/lib64:/lib64:/lib:/usr/lib]
2020-06-07 23:03:52.267 INFO [localhost-startStop-1] [org.apache.catalina.core.ContainerBase.[Tomcat].[localhost].[/]] [log] [org.apache.juli.logging.DirectJDKLog.log(DirectJDKLog.java:180)] - Initializing Spring embedded WebApplicationContext
2020-06-07 23:03:52.267 INFO [localhost-startStop-1] [org.springframework.web.context.ContextLoader] [prepareWebApplicationContext] [org.springframework.boot.web.servlet.context.ServletWebServerApplicationContext.prepareWebApplicationContext(ServletWebServerApplicationContext.java:285)] - Root WebApplicationContext: initialization completed in 1155 ms
2020-06-07 23:03:52.323 INFO [localhost-startStop-1] [org.springframework.boot.web.servlet.ServletRegistrationBean] [addRegistration] [org.springframework.boot.web.servlet.ServletRegistrationBean.addRegistration(ServletRegistrationBean.java:187)] - Servlet dispatcherServlet mapped to [/]
2020-06-07 23:03:52.327 INFO [localhost-startStop-1] [org.springframework.boot.web.servlet.FilterRegistrationBean] [configure] [org.springframework.boot.web.servlet.AbstractFilterRegistrationBean.configure(AbstractFilterRegistrationBean.java:245)] - Mapping filter: 'characterEncodingFilter' to: [/*]
2020-06-07 23:03:52.328 INFO [localhost-startStop-1] [org.springframework.boot.web.servlet.FilterRegistrationBean] [configure] [org.springframework.boot.web.servlet.AbstractFilterRegistrationBean.configure(AbstractFilterRegistrationBean.java:245)] - Mapping filter: 'hiddenHttpMethodFilter' to: [/*]
2020-06-07 23:03:52.328 INFO [localhost-startStop-1] [org.springframework.boot.web.servlet.FilterRegistrationBean] [configure] [org.springframework.boot.web.servlet.AbstractFilterRegistrationBean.configure(AbstractFilterRegistrationBean.java:245)] - Mapping filter: 'httpPutFormContentFilter' to: [/*]
2020-06-07 23:03:52.329 INFO [localhost-startStop-1] [org.springframework.boot.web.servlet.FilterRegistrationBean] [configure] [org.springframework.boot.web.servlet.AbstractFilterRegistrationBean.configure(AbstractFilterRegistrationBean.java:245)] - Mapping filter: 'requestContextFilter' to: [/*]
2020-06-07 23:03:52.452 INFO [main] [org.springframework.web.servlet.handler.SimpleUrlHandlerMapping] [registerHandler] [org.springframework.web.servlet.handler.AbstractUrlHandlerMapping.registerHandler(AbstractUrlHandlerMapping.java:373)] - Mapped URL path [/**/favicon.ico] onto handler of type [class org.springframework.web.servlet.resource.ResourceHttpRequestHandler]
2020-06-07 23:03:52.644 INFO [main] [org.springframework.web.servlet.mvc.method.annotation.RequestMappingHandlerAdapter] [initControllerAdviceCache] [org.springframework.web.servlet.mvc.method.annotation.RequestMappingHandlerAdapter.initControllerAdviceCache(RequestMappingHandlerAdapter.java:574)] - Looking for @ControllerAdvice: org.springframework.boot.web.servlet.context.AnnotationConfigServletWebServerApplicationContext@38afe297: startup date [Sun Jun 07 23:03:51 IST 2020]; root of context hierarchy
2020-06-07 23:03:52.700 INFO [main] [org.springframework.web.servlet.mvc.method.annotation.RequestMappingHandlerMapping] [register] [org.springframework.web.servlet.handler.AbstractHandlerMethodMapping$MappingRegistry.register(AbstractHandlerMethodMapping.java:547)] - Mapped "{[/get-json-response]}" onto public java.lang.String com.sample.springapp.restcontroller.TestRestController.get_json_response()
2020-06-07 23:03:52.702 INFO [main] [org.springframework.web.servlet.mvc.method.annotation.RequestMappingHandlerMapping] [register] [org.springframework.web.servlet.handler.AbstractHandlerMethodMapping$MappingRegistry.register(AbstractHandlerMethodMapping.java:547)] - Mapped "{[/get-params/{id}/{name}]}" onto public java.lang.String com.sample.springapp.restcontroller.TestRestController.get_params(int,java.lang.String)
2020-06-07 23:03:52.703 INFO [main] [org.springframework.web.servlet.mvc.method.annotation.RequestMappingHandlerMapping] [register] [org.springframework.web.servlet.handler.AbstractHandlerMethodMapping$MappingRegistry.register(AbstractHandlerMethodMapping.java:547)] - Mapped "{[/post-request],methods=[POST]}" onto public java.lang.String com.sample.springapp.restcontroller.TestRestController.get_params(java.lang.String)
2020-06-07 23:03:52.704 INFO [main] [org.springframework.web.servlet.mvc.method.annotation.RequestMappingHandlerMapping] [register] [org.springframework.web.servlet.handler.AbstractHandlerMethodMapping$MappingRegistry.register(AbstractHandlerMethodMapping.java:547)] - Mapped "{[/test-post],methods=[POST]}" onto public java.lang.String com.sample.springapp.restcontroller.TestRestController.testing_post()
2020-06-07 23:03:52.705 INFO [main] [org.springframework.web.servlet.mvc.method.annotation.RequestMappingHandlerMapping] [register] [org.springframework.web.servlet.handler.AbstractHandlerMethodMapping$MappingRegistry.register(AbstractHandlerMethodMapping.java:547)] - Mapped "{[/test]}" onto public java.lang.String com.sample.springapp.restcontroller.TestRestController.testing()
2020-06-07 23:03:52.710 INFO [main] [org.springframework.web.servlet.mvc.method.annotation.RequestMappingHandlerMapping] [register] [org.springframework.web.servlet.handler.AbstractHandlerMethodMapping$MappingRegistry.register(AbstractHandlerMethodMapping.java:547)] - Mapped "{[/error],produces=[text/html]}" onto public org.springframework.web.servlet.ModelAndView org.springframework.boot.autoconfigure.web.servlet.error.BasicErrorController.errorHtml(javax.servlet.http.HttpServletRequest,javax.servlet.http.HttpServletResponse)
2020-06-07 23:03:52.711 INFO [main] [org.springframework.web.servlet.mvc.method.annotation.RequestMappingHandlerMapping] [register] [org.springframework.web.servlet.handler.AbstractHandlerMethodMapping$MappingRegistry.register(AbstractHandlerMethodMapping.java:547)] - Mapped "{[/error]}" onto public org.springframework.http.ResponseEntity<java.util.Map<java.lang.String, java.lang.Object>> org.springframework.boot.autoconfigure.web.servlet.error.BasicErrorController.error(javax.servlet.http.HttpServletRequest)
2020-06-07 23:03:52.739 INFO [main] [org.springframework.web.servlet.handler.SimpleUrlHandlerMapping] [registerHandler] [org.springframework.web.servlet.handler.AbstractUrlHandlerMapping.registerHandler(AbstractUrlHandlerMapping.java:373)] - Mapped URL path [/webjars/**] onto handler of type [class org.springframework.web.servlet.resource.ResourceHttpRequestHandler]
2020-06-07 23:03:52.739 INFO [main] [org.springframework.web.servlet.handler.SimpleUrlHandlerMapping] [registerHandler] [org.springframework.web.servlet.handler.AbstractUrlHandlerMapping.registerHandler(AbstractUrlHandlerMapping.java:373)] - Mapped URL path [/**] onto handler of type [class org.springframework.web.servlet.resource.ResourceHttpRequestHandler]
2020-06-07 23:03:52.895 INFO [main] [org.springframework.jmx.export.annotation.AnnotationMBeanExporter] [afterSingletonsInstantiated] [org.springframework.jmx.export.MBeanExporter.afterSingletonsInstantiated(MBeanExporter.java:433)] - Registering beans for JMX exposure on startup
2020-06-07 23:03:52.912 INFO [main] [org.apache.coyote.http11.Http11NioProtocol] [log] [org.apache.juli.logging.DirectJDKLog.log(DirectJDKLog.java:180)] - Starting ProtocolHandler ["http-nio-8080"]
2020-06-07 23:03:52.917 INFO [main] [org.apache.tomcat.util.net.NioSelectorPool] [log] [org.apache.juli.logging.DirectJDKLog.log(DirectJDKLog.java:180)] - Using a shared selector for servlet write/read
2020-06-07 23:03:52.931 INFO [main] [org.springframework.boot.web.embedded.tomcat.TomcatWebServer] [start] [org.springframework.boot.web.embedded.tomcat.TomcatWebServer.start(TomcatWebServer.java:206)] - Tomcat started on port(s): 8080 (http) with context path ''
2020-06-07 23:03:52.937 INFO [main] [com.sample.springapp.SpringbootAppApplication] [logStarted] [org.springframework.boot.StartupInfoLogger.logStarted(StartupInfoLogger.java:59)] - Started SpringbootAppApplication in 2.234 seconds (JVM running for 2.909)
2020-06-07 23:04:02.010 INFO [http-nio-8080-exec-1] [org.apache.catalina.core.ContainerBase.[Tomcat].[localhost].[/]] [log] [org.apache.juli.logging.DirectJDKLog.log(DirectJDKLog.java:180)] - Initializing Spring FrameworkServlet 'dispatcherServlet'
2020-06-07 23:04:02.010 INFO [http-nio-8080-exec-1] [org.springframework.web.servlet.DispatcherServlet] [initServletBean] [org.springframework.web.servlet.FrameworkServlet.initServletBean(FrameworkServlet.java:494)] - FrameworkServlet 'dispatcherServlet': initialization started
2020-06-07 23:04:02.024 INFO [http-nio-8080-exec-1] [org.springframework.web.servlet.DispatcherServlet] [initServletBean] [org.springframework.web.servlet.FrameworkServlet.initServletBean(FrameworkServlet.java:509)] - FrameworkServlet 'dispatcherServlet': initialization completed in 13 ms
2020-06-07 23:04:02.050 INFO [http-nio-8080-exec-1] [com.sample.springapp.restcontroller.TestRestController] [testing] [com.sample.springapp.restcontroller.TestRestController.testing(TestRestController.java:20)] - this is testing
2020-06-07 23:04:05.425 WARN [http-nio-8080-exec-2] [org.springframework.web.servlet.PageNotFound] [handleHttpRequestMethodNotSupported] [org.springframework.web.servlet.mvc.support.DefaultHandlerExceptionResolver.handleHttpRequestMethodNotSupported(DefaultHandlerExceptionResolver.java:255)] - Request method 'GET' not supported
2020-06-07 23:05:29.096 INFO [RMI TCP Connection(11)-127.0.0.1] [org.springframework.boot.admin.SpringApplicationAdminMXBeanRegistrar$SpringApplicationAdmin] [shutdown] [org.springframework.boot.admin.SpringApplicationAdminMXBeanRegistrar$SpringApplicationAdmin.shutdown(SpringApplicationAdminMXBeanRegistrar.java:132)] - Application shutdown requested.
2020-06-07 23:05:29.097 INFO [RMI TCP Connection(11)-127.0.0.1] [org.springframework.boot.web.servlet.context.AnnotationConfigServletWebServerApplicationContext] [doClose] [org.springframework.context.support.AbstractApplicationContext.doClose(AbstractApplicationContext.java:993)] - Closing org.springframework.boot.web.servlet.context.AnnotationConfigServletWebServerApplicationContext@38afe297: startup date [Sun Jun 07 23:03:51 IST 2020]; root of context hierarchy
2020-06-07 23:05:29.099 INFO [RMI TCP Connection(11)-127.0.0.1] [org.springframework.jmx.export.annotation.AnnotationMBeanExporter] [destroy] [org.springframework.jmx.export.MBeanExporter.destroy(MBeanExporter.java:451)] - Unregistering JMX-exposed beans on shutdown
